SF:lib\src\obd2_service.dart
DA:25,0
DA:27,3
DA:29,3
DA:31,3
DA:46,2
DA:51,2
DA:52,4
DA:53,2
DA:56,4
DA:57,2
DA:61,2
DA:62,3
DA:63,3
DA:65,2
DA:66,2
DA:67,1
DA:69,2
DA:70,1
DA:72,2
DA:73,2
DA:76,4
DA:77,4
DA:78,2
DA:79,3
DA:80,0
DA:81,0
DA:83,3
DA:84,0
DA:85,0
DA:90,1
DA:91,2
DA:92,1
DA:93,3
DA:94,0
DA:96,2
DA:97,1
DA:99,0
DA:103,2
DA:105,6
DA:106,2
DA:107,4
DA:108,2
DA:109,2
DA:110,4
DA:114,2
DA:116,4
DA:117,2
DA:118,2
DA:120,1
DA:128,2
DA:129,4
DA:132,1
DA:138,2
DA:140,3
DA:144,1
DA:145,1
DA:146,1
DA:147,1
DA:148,2
DA:149,2
DA:150,1
DA:152,0
DA:156,1
DA:157,1
DA:158,1
DA:159,2
DA:161,2
DA:163,1
DA:164,2
DA:168,1
DA:169,1
DA:170,2
DA:171,2
DA:174,1
DA:175,2
DA:176,2
DA:180,0
DA:181,0
DA:184,2
DA:185,6
DA:186,2
DA:187,1
DA:188,1
DA:190,4
DA:195,6
DA:196,5
DA:198,6
DA:199,7
DA:201,4
DA:202,6
DA:203,2
DA:204,0
DA:206,4
DA:208,2
DA:210,0
DA:213,2
DA:214,2
DA:217,6
DA:218,4
DA:220,12
DA:221,4
DA:223,0
DA:224,0
DA:230,3
DA:231,2
DA:232,6
DA:233,2
DA:241,0
DA:245,0
DA:246,0
DA:249,0
DA:250,0
DA:251,0
DA:252,0
DA:255,0
DA:256,0
DA:257,0
DA:260,0
DA:261,0
DA:263,0
DA:264,0
DA:265,0
DA:268,0
DA:269,0
DA:271,0
DA:272,0
DA:275,0
DA:277,0
DA:283,1
DA:288,2
DA:289,1
DA:290,1
DA:291,3
DA:294,2
DA:295,0
DA:297,0
DA:303,1
DA:304,2
DA:306,1
DA:307,1
DA:314,0
DA:315,0
DA:319,2
DA:320,1
DA:327,2
DA:331,0
DA:332,0
DA:335,1
DA:337,2
DA:339,1
DA:343,1
DA:345,2
DA:347,1
DA:351,0
DA:352,0
DA:355,1
DA:356,1
DA:359,2
DA:361,4
DA:363,2
DA:364,1
DA:366,1
DA:372,1
DA:373,2
DA:374,1
DA:375,3
DA:376,0
DA:397,1
DA:399,0
DA:400,0
LF:170
LH:124
end_of_record
SF:lib\src\commands\commands.dart
DA:17,9
DA:18,9
DA:19,9
DA:20,9
DA:23,6
DA:24,2
DA:26,3
DA:27,3
DA:31,0
DA:32,0
DA:33,0
DA:35,0
DA:36,0
DA:38,0
DA:39,0
DA:40,0
DA:42,0
DA:45,3
DA:46,3
DA:47,3
DA:51,3
DA:52,9
DA:53,9
DA:55,3
DA:59,3
DA:60,6
DA:62,6
DA:63,3
DA:64,6
DA:65,3
DA:66,6
DA:67,6
DA:68,3
DA:69,3
DA:72,9
DA:73,3
DA:84,3
DA:85,3
DA:86,3
DA:87,6
DA:92,3
DA:94,6
DA:96,4
DA:100,3
DA:101,3
DA:102,6
DA:103,3
DA:104,9
DA:109,3
DA:110,3
DA:111,6
DA:112,3
DA:115,3
DA:116,3
DA:117,3
DA:118,3
DA:120,3
DA:121,3
DA:122,3
DA:123,3
DA:124,3
DA:125,3
DA:126,3
DA:127,3
DA:128,3
DA:129,3
DA:130,3
DA:131,3
DA:132,3
DA:133,3
DA:134,3
DA:135,3
DA:136,3
DA:137,3
DA:138,3
DA:139,3
DA:140,3
DA:141,3
DA:142,3
DA:143,3
DA:144,3
DA:145,3
DA:146,3
DA:147,3
DA:148,3
DA:149,3
DA:150,3
DA:151,3
DA:152,3
DA:153,3
DA:154,3
DA:155,3
DA:156,3
DA:157,3
DA:158,3
DA:159,3
DA:160,3
DA:161,3
DA:162,3
DA:163,3
DA:164,3
DA:165,3
DA:166,3
DA:167,3
DA:168,3
DA:169,3
DA:170,6
DA:172,3
DA:173,3
DA:174,0
DA:175,3
DA:176,0
LF:112
LH:101
end_of_record
SF:lib\src\commands\obd_command.dart
DA:13,3
DA:15,3
DA:16,3
DA:17,6
DA:23,3
LF:5
LH:5
end_of_record
SF:lib\src\data\codes.dart
DA:1,0
DA:10,0
DA:37,0
DA:74,3
DA:75,1
DA:76,1
DA:77,1
DA:78,1
DA:79,1
DA:80,1
DA:81,1
DA:82,1
DA:83,1
DA:84,1
DA:85,1
DA:86,1
LF:16
LH:13
end_of_record
SF:lib\src\decoders.dart
DA:14,0
DA:19,3
DA:66,3
DA:72,0
DA:83,4
DA:98,2
DA:107,2
DA:115,0
DA:126,0
DA:127,0
DA:128,0
DA:131,0
DA:133,0
DA:135,0
DA:152,4
DA:173,3
DA:175,3
DA:176,3
DA:178,6
DA:180,6
DA:181,6
DA:184,3
DA:185,0
DA:186,0
DA:187,0
DA:191,12
DA:192,3
DA:194,3
DA:195,0
DA:197,3
DA:201,0
DA:202,0
DA:203,0
DA:204,0
DA:205,0
DA:206,0
DA:207,0
DA:208,0
DA:209,0
DA:210,0
DA:211,0
DA:212,0
DA:213,0
DA:214,0
DA:216,0
DA:220,9
DA:221,3
DA:222,3
DA:223,3
DA:224,3
DA:225,3
DA:226,3
DA:227,3
DA:228,3
DA:229,3
DA:230,3
DA:231,3
DA:232,3
DA:233,3
DA:234,3
DA:235,3
DA:236,3
DA:237,6
DA:238,3
DA:239,3
DA:240,3
DA:241,3
DA:242,3
DA:243,3
DA:244,3
DA:245,3
DA:246,3
DA:247,3
DA:248,3
DA:249,3
DA:250,3
DA:251,3
DA:252,3
DA:253,3
DA:254,3
DA:255,3
DA:256,3
DA:257,3
DA:258,3
DA:259,3
DA:260,3
DA:261,3
DA:262,3
DA:263,3
DA:264,3
DA:265,3
DA:266,3
DA:267,3
DA:268,3
DA:269,3
DA:270,3
DA:271,3
DA:277,1
DA:279,3
DA:280,2
DA:281,2
DA:286,1
DA:288,3
DA:289,1
DA:290,0
DA:291,0
DA:293,2
DA:299,1
DA:301,1
DA:302,2
DA:303,1
DA:309,3
DA:311,2
DA:313,6
DA:314,0
DA:315,4
DA:320,2
DA:322,4
DA:323,2
DA:324,4
DA:325,2
DA:327,2
DA:328,2
DA:329,2
DA:331,4
DA:332,2
DA:335,0
DA:336,0
DA:337,0
DA:338,0
DA:339,0
DA:340,0
DA:341,0
DA:342,0
DA:343,0
DA:344,0
DA:347,2
DA:348,6
DA:349,6
DA:350,6
DA:351,10
DA:352,10
DA:353,10
DA:354,10
DA:355,10
DA:356,10
DA:357,10
DA:360,4
DA:365,2
DA:367,2
DA:368,8
DA:369,12
DA:371,2
DA:374,2
DA:377,2
DA:378,10
DA:379,2
DA:380,2
DA:382,2
DA:383,4
DA:384,8
DA:385,6
DA:386,10
DA:388,2
DA:392,2
DA:396,2
DA:397,2
DA:398,2
DA:403,2
DA:405,2
DA:406,2
DA:407,2
DA:412,2
DA:413,4
DA:414,2
DA:415,2
DA:419,4
DA:425,1
DA:427,1
DA:428,2
DA:433,1
DA:435,6
DA:436,2
DA:441,1
DA:444,2
DA:445,0
DA:447,1
DA:448,0
DA:450,5
DA:451,2
DA:456,1
DA:458,3
DA:459,2
DA:464,1
DA:466,3
DA:467,1
DA:468,0
DA:469,0
DA:471,2
DA:476,1
DA:478,3
DA:479,1
DA:480,0
DA:481,0
DA:484,2
DA:489,1
DA:491,4
DA:492,2
DA:497,1
DA:499,2
DA:500,0
DA:502,2
DA:503,2
DA:504,2
DA:509,0
DA:511,0
DA:512,0
DA:514,0
DA:515,0
DA:516,0
DA:517,0
DA:518,0
DA:519,0
DA:522,0
DA:527,1
DA:529,2
DA:530,1
DA:531,0
DA:532,0
DA:535,2
DA:540,1
DA:542,2
DA:543,2
DA:548,1
DA:550,2
DA:551,0
DA:553,3
DA:554,2
DA:559,0
DA:561,0
DA:562,0
DA:564,0
DA:565,0
DA:566,0
DA:567,0
DA:568,0
DA:569,0
DA:572,0
DA:577,0
DA:579,0
DA:580,0
DA:582,0
DA:583,0
DA:584,0
DA:585,0
DA:586,0
DA:589,0
DA:594,0
DA:596,0
DA:597,0
DA:599,0
DA:600,0
DA:601,0
DA:602,0
DA:603,0
DA:606,0
DA:611,0
DA:613,0
DA:614,0
DA:616,0
DA:617,0
DA:618,0
DA:620,0
DA:625,0
DA:627,0
DA:628,0
DA:630,0
DA:631,0
DA:637,0
DA:639,0
DA:640,0
DA:645,0
DA:647,0
DA:648,0
DA:649,0
DA:651,0
DA:652,0
DA:658,0
DA:660,0
DA:661,0
DA:662,0
DA:664,0
DA:665,0
DA:671,0
DA:673,0
DA:674,0
DA:676,0
DA:677,0
DA:678,0
DA:680,0
DA:685,0
DA:687,0
DA:688,0
DA:689,0
DA:692,0
DA:693,0
DA:694,0
DA:697,0
DA:698,0
DA:699,0
DA:700,0
DA:701,0
DA:705,0
DA:706,0
DA:708,0
DA:712,0
DA:713,0
DA:717,0
DA:722,0
DA:724,0
DA:725,0
DA:726,0
DA:727,0
DA:729,0
DA:730,0
DA:731,0
DA:736,1
DA:738,1
DA:739,1
DA:741,2
DA:742,1
DA:743,0
DA:746,3
DA:747,3
DA:748,1
DA:749,1
DA:750,3
DA:754,1
DA:757,1
DA:758,2
DA:762,1
DA:763,1
DA:764,1
DA:766,2
DA:768,2
DA:769,2
DA:771,0
DA:772,0
DA:775,2
DA:780,2
DA:781,2
DA:782,2
DA:784,1
DA:785,2
DA:786,3
DA:787,3
DA:792,0
DA:793,0
DA:794,0
DA:795,0
DA:796,0
LF:361
LH:204
end_of_record
SF:lib\src\parser.dart
DA:12,5
DA:13,10
DA:14,10
DA:29,6
DA:30,12
DA:31,12
DA:39,2
DA:40,0
DA:41,0
DA:53,5
DA:54,35
DA:56,5
DA:57,10
DA:59,10
DA:64,5
DA:66,5
DA:67,10
DA:68,25
DA:71,5
DA:72,10
DA:74,10
DA:79,5
DA:88,1
DA:89,5
DA:91,5
DA:92,10
DA:93,15
DA:94,15
DA:96,12
DA:100,5
DA:101,5
DA:102,10
DA:103,5
DA:104,25
DA:105,0
DA:107,20
DA:110,4
DA:111,16
DA:112,8
DA:113,0
DA:115,4
DA:116,20
DA:117,4
DA:120,4
DA:121,4
DA:122,8
DA:124,8
DA:125,8
DA:126,16
DA:130,12
DA:133,4
DA:135,0
DA:137,4
DA:138,8
DA:139,8
DA:141,0
DA:149,2
DA:150,14
DA:152,2
DA:153,4
DA:155,4
DA:160,2
DA:162,2
DA:163,4
DA:164,10
DA:167,2
DA:168,4
DA:170,4
DA:175,2
DA:186,8
DA:187,4
DA:188,0
DA:191,6
DA:192,6
DA:194,0
DA:198,2
DA:199,2
DA:200,8
DA:202,2
DA:203,0
DA:204,0
DA:205,0
DA:206,0
DA:207,0
DA:210,0
DA:213,6
DA:214,0
DA:216,6
DA:219,0
DA:220,0
DA:221,0
DA:222,0
DA:223,0
DA:224,0
DA:225,0
DA:226,0
DA:229,0
DA:232,0
DA:233,0
DA:234,0
DA:235,0
DA:238,0
DA:239,0
DA:242,0
DA:243,0
DA:244,0
DA:245,0
DA:248,0
DA:264,5
DA:265,20
DA:267,15
DA:268,5
DA:270,10
DA:271,20
DA:273,0
DA:276,20
DA:277,3
DA:280,20
DA:281,10
DA:283,0
DA:285,5
DA:287,15
DA:288,15
DA:289,10
DA:290,20
DA:292,5
DA:293,5
DA:294,30
DA:296,4
DA:297,44
DA:299,4
DA:300,24
DA:313,2
DA:314,4
DA:316,8
DA:317,3
DA:320,14
DA:321,4
DA:322,4
DA:323,8
LF:140
LH:103
end_of_record
SF:lib\src\utils.dart
DA:4,6
DA:5,6
DA:6,6
DA:9,6
DA:11,18
DA:12,1
DA:14,18
DA:15,18
DA:16,24
DA:17,12
DA:24,1
DA:28,2
DA:29,2
DA:30,1
DA:55,4
DA:57,4
DA:58,1
DA:59,1
DA:60,1
DA:61,0
DA:62,0
DA:69,0
DA:85,0
DA:88,6
LF:24
LH:20
end_of_record
SF:lib\src\utils\logger.dart
DA:8,0
DA:12,3
DA:13,3
DA:16,2
DA:17,2
DA:20,0
DA:21,0
DA:24,2
DA:25,2
DA:28,3
DA:30,0
DA:32,9
LF:12
LH:8
end_of_record
SF:lib\src\comm_protocol.dart
DA:10,1
DA:12,1
DA:13,1
DA:14,1
DA:15,1
DA:16,1
DA:20,3
LF:7
LH:7
end_of_record
SF:lib\src\configuration_service.dart
DA:6,1
DA:7,1
DA:8,1
DA:11,1
DA:12,1
DA:13,1
LF:6
LH:6
end_of_record
SF:lib\src\elm327.dart
DA:14,1
DA:16,1
DA:17,2
DA:19,3
DA:20,0
DA:21,0
DA:22,0
DA:23,2
DA:24,1
DA:25,2
DA:26,1
DA:27,0
DA:28,0
DA:29,0
DA:30,0
DA:31,0
DA:33,1
DA:34,2
DA:35,1
DA:36,2
DA:37,0
DA:38,0
DA:39,0
DA:40,0
DA:49,2
DA:67,3
DA:68,14
DA:69,2
DA:73,0
DA:74,0
DA:77,0
DA:79,3
DA:80,3
DA:81,5
DA:82,6
DA:85,1
DA:87,2
DA:90,2
DA:91,4
DA:92,2
DA:95,2
DA:96,4
DA:97,4
DA:98,6
DA:102,2
DA:103,2
DA:104,4
DA:107,1
DA:108,1
DA:112,2
DA:113,2
DA:115,2
DA:116,2
DA:118,2
DA:119,2
DA:120,2
DA:121,2
DA:122,2
DA:123,2
DA:124,2
DA:127,2
DA:128,2
DA:130,2
DA:131,1
DA:135,2
DA:137,2
DA:138,2
DA:139,6
DA:140,4
DA:143,2
DA:144,4
DA:149,1
DA:150,1
DA:151,3
DA:152,1
DA:156,2
DA:157,2
DA:165,2
DA:167,1
DA:173,2
DA:175,1
DA:179,2
DA:180,2
DA:181,2
DA:182,2
DA:184,2
DA:185,8
DA:186,4
DA:188,10
DA:190,2
DA:194,1
DA:197,1
DA:198,2
DA:199,1
DA:202,2
DA:203,1
DA:208,1
DA:211,2
DA:213,2
DA:214,8
DA:216,2
DA:223,1
DA:224,1
DA:226,1
DA:227,2
DA:228,4
DA:233,0
DA:234,0
DA:235,0
DA:237,0
DA:238,0
DA:245,0
DA:246,0
DA:247,0
DA:249,0
DA:253,0
DA:257,0
DA:258,0
DA:259,0
DA:266,1
DA:267,1
DA:268,1
DA:269,4
DA:270,1
DA:271,1
DA:272,1
DA:274,2
DA:276,3
DA:278,4
DA:280,1
DA:282,3
DA:283,1
DA:284,4
DA:285,4
DA:287,1
DA:292,3
DA:293,2
DA:296,1
DA:297,1
DA:298,2
DA:299,3
DA:301,2
DA:304,4
DA:305,1
DA:306,0
DA:307,1
DA:308,2
DA:309,2
DA:310,3
DA:313,1
DA:316,1
DA:318,3
DA:319,2
DA:321,5
DA:322,1
DA:328,2
DA:329,2
DA:330,4
DA:334,6
DA:335,2
DA:336,4
DA:337,6
DA:339,6
DA:340,4
DA:347,1
DA:348,1
DA:349,2
DA:352,3
DA:353,1
DA:354,2
DA:355,3
DA:357,3
DA:358,2
DA:361,1
DA:362,1
DA:363,1
DA:364,2
DA:367,3
DA:368,1
DA:369,2
DA:371,2
DA:372,1
DA:373,1
DA:376,2
DA:377,1
DA:378,2
DA:379,1
DA:380,3
DA:386,1
DA:387,1
DA:388,2
DA:390,0
DA:394,0
DA:395,0
DA:401,5
DA:403,5
DA:404,10
DA:405,4
DA:407,16
DA:410,5
DA:412,5
DA:413,5
DA:414,5
DA:415,5
DA:416,5
LF:205
LH:173
end_of_record
SF:lib\src\communication\ble_manager.dart
DA:12,1
DA:13,2
DA:14,3
DA:15,3
DA:32,0
DA:34,0
DA:36,0
DA:37,0
DA:38,0
DA:41,0
DA:42,0
DA:43,0
DA:44,0
DA:46,0
DA:50,0
DA:52,0
DA:55,0
DA:56,0
DA:57,0
DA:61,0
DA:63,0
DA:65,0
DA:66,0
DA:70,1
DA:72,1
DA:73,1
DA:74,1
DA:75,1
DA:76,2
DA:77,1
DA:78,1
DA:79,2
DA:80,1
DA:83,0
DA:85,0
DA:86,0
DA:87,0
DA:88,0
DA:92,0
DA:93,0
DA:96,0
DA:97,0
DA:99,0
DA:101,0
DA:104,0
DA:107,0
DA:109,0
DA:110,0
DA:112,0
DA:115,0
DA:116,0
DA:118,0
DA:122,0
DA:123,0
DA:125,0
DA:126,0
DA:127,0
DA:129,0
DA:130,0
DA:134,0
DA:137,0
DA:140,0
DA:142,0
DA:143,0
DA:144,0
DA:145,0
DA:147,0
DA:150,0
DA:152,0
DA:153,0
DA:154,0
DA:157,0
DA:158,0
DA:160,0
DA:161,0
DA:163,0
DA:164,0
DA:165,0
DA:171,0
DA:174,0
DA:175,0
DA:176,0
DA:179,0
DA:180,0
DA:185,0
DA:186,0
DA:188,0
DA:190,0
DA:191,0
DA:193,0
DA:194,0
DA:195,0
DA:196,0
DA:198,0
DA:199,0
DA:207,0
DA:208,0
DA:209,0
DA:210,0
DA:211,0
DA:213,0
DA:214,0
DA:220,0
DA:221,0
DA:225,0
DA:226,0
DA:227,0
DA:228,0
DA:233,0
DA:235,0
DA:236,0
DA:238,0
DA:239,0
DA:240,0
DA:242,0
DA:243,0
DA:244,0
DA:253,0
DA:255,0
DA:256,0
DA:257,0
DA:258,0
DA:259,0
DA:262,1
DA:263,2
DA:264,1
DA:267,1
DA:268,1
DA:269,0
DA:270,0
DA:272,2
LF:131
LH:20
end_of_record
SF:lib\src\communication\mock_manager.dart
DA:9,3
DA:10,6
DA:25,2
DA:27,2
DA:28,2
DA:31,3
DA:33,3
DA:34,3
DA:37,0
DA:42,2
DA:44,2
DA:45,2
DA:46,2
DA:47,4
DA:51,2
DA:52,1
DA:55,2
DA:56,2
DA:58,1
DA:60,2
DA:63,2
DA:66,2
DA:67,2
DA:68,0
DA:71,2
DA:72,2
DA:73,2
DA:74,2
DA:75,2
DA:77,2
DA:78,1
DA:79,1
DA:81,2
DA:82,1
DA:83,1
DA:85,2
DA:86,2
DA:87,2
DA:89,4
DA:90,4
DA:91,2
DA:92,3
DA:93,2
DA:95,2
DA:96,2
DA:97,2
DA:98,2
DA:100,2
DA:104,2
DA:105,4
DA:106,2
DA:108,2
DA:109,2
DA:111,2
DA:112,2
DA:113,8
DA:114,2
DA:115,4
DA:116,2
DA:117,4
DA:118,2
DA:119,4
DA:120,2
DA:121,4
DA:122,2
DA:123,4
DA:124,2
DA:125,4
DA:126,2
DA:127,4
DA:128,2
DA:129,4
DA:130,2
DA:131,4
DA:132,2
DA:133,4
DA:134,2
DA:135,4
DA:136,2
DA:137,4
DA:138,2
DA:139,4
DA:140,2
DA:141,4
DA:142,2
DA:143,4
DA:144,2
DA:145,2
DA:146,2
DA:147,2
DA:148,5
DA:149,2
DA:150,2
DA:151,2
DA:152,2
DA:153,5
DA:154,2
DA:155,2
DA:156,2
DA:157,2
DA:158,5
DA:159,2
DA:160,2
DA:161,2
DA:162,2
DA:163,5
DA:164,2
DA:165,4
DA:166,2
DA:167,2
DA:168,2
DA:169,2
DA:170,2
DA:171,2
DA:172,2
DA:173,2
DA:174,2
DA:175,5
DA:176,2
DA:177,4
DA:178,2
DA:179,2
DA:180,5
DA:181,2
DA:182,4
DA:183,2
DA:184,4
DA:185,2
DA:186,2
DA:187,2
DA:188,2
DA:189,2
DA:191,1
DA:192,1
DA:193,1
DA:194,1
DA:195,1
DA:197,1
DA:198,1
DA:200,1
DA:204,2
DA:205,2
DA:206,1
DA:208,2
DA:211,2
DA:212,2
DA:213,2
DA:218,2
DA:219,2
DA:220,2
DA:221,2
DA:222,8
DA:223,2
DA:224,4
DA:225,4
DA:226,0
DA:227,0
DA:228,0
DA:232,2
DA:233,2
DA:235,4
DA:236,6
DA:238,0
DA:241,1
DA:242,3
DA:243,3
DA:246,2
DA:247,2
DA:248,2
DA:250,0
DA:251,0
DA:252,0
DA:253,0
DA:254,0
DA:255,6
DA:256,10
DA:257,8
DA:258,2
DA:261,1
DA:262,1
DA:263,4
DA:274,1
DA:275,1
DA:276,1
DA:277,1
DA:278,1
DA:279,1
DA:280,1
DA:281,1
DA:282,1
DA:283,1
DA:285,5
DA:288,1
DA:289,1
DA:290,4
DA:291,1
DA:293,1
DA:295,0
DA:301,3
DA:304,1
DA:305,1
DA:306,5
DA:307,2
DA:308,3
DA:311,1
DA:312,1
DA:313,5
DA:314,2
DA:315,3
DA:318,7
DA:320,1
DA:321,3
DA:322,2
DA:323,3
DA:326,1
DA:327,1
DA:328,1
DA:329,4
DA:330,3
DA:331,2
DA:333,3
DA:334,1
DA:335,2
DA:336,0
DA:337,2
DA:338,2
DA:339,1
DA:340,1
DA:341,0
DA:342,2
DA:345,1
DA:346,1
DA:347,1
DA:348,4
DA:349,8
DA:350,2
DA:353,1
DA:354,1
DA:355,1
DA:356,4
DA:357,2
DA:358,3
DA:359,6
DA:362,1
DA:363,1
DA:364,1
DA:365,4
DA:366,8
DA:367,1
DA:370,1
DA:371,1
DA:372,1
DA:373,6
DA:374,3
DA:375,2
DA:376,6
DA:379,1
DA:380,1
DA:381,1
DA:382,4
DA:383,3
DA:384,3
DA:387,7
DA:389,4
DA:391,1
DA:392,2
DA:393,6
DA:394,1
DA:397,1
DA:398,3
DA:399,7
DA:400,3
DA:401,2
DA:404,1
DA:405,3
DA:406,9
DA:407,3
DA:408,6
DA:411,1
DA:412,6
DA:413,2
DA:414,6
DA:417,1
DA:418,1
DA:419,4
DA:420,3
DA:421,9
DA:424,1
DA:425,1
DA:426,3
DA:427,6
DA:430,1
DA:431,6
DA:432,6
DA:435,8
DA:437,8
DA:439,1
DA:440,1
DA:441,3
DA:442,2
DA:443,6
DA:446,1
DA:447,12
DA:448,1
DA:451,1
DA:452,1
DA:454,0
DA:455,0
DA:456,0
DA:457,0
DA:458,0
DA:461,6
DA:463,1
DA:464,1
DA:465,4
DA:466,4
DA:467,3
DA:470,3
DA:471,6
DA:472,3
LF:320
LH:301
end_of_record
SF:lib\src\communication\wifi_manager.dart
DA:20,2
DA:22,2
DA:23,4
DA:28,1
DA:30,1
DA:33,7
DA:35,3
DA:36,1
DA:37,1
DA:38,1
DA:41,1
DA:43,0
DA:44,0
DA:48,1
DA:50,2
DA:51,2
DA:52,1
DA:53,2
DA:54,1
DA:57,1
DA:59,1
DA:60,1
DA:61,1
DA:62,2
DA:66,1
DA:67,0
DA:70,1
DA:71,1
DA:73,1
DA:75,1
DA:78,1
DA:81,1
DA:83,2
DA:84,2
DA:86,3
DA:88,3
DA:89,1
DA:91,1
DA:92,0
DA:93,0
DA:95,1
DA:96,2
DA:99,2
DA:102,0
DA:105,0
DA:110,1
DA:112,1
DA:113,2
DA:115,3
DA:116,2
DA:117,2
DA:119,1
DA:120,3
DA:121,2
DA:129,1
DA:131,1
DA:132,1
DA:133,4
DA:134,3
DA:135,1
DA:138,0
DA:139,0
DA:140,0
DA:141,0
DA:144,0
DA:145,0
DA:146,0
DA:147,0
DA:150,1
DA:151,2
DA:152,1
DA:155,1
DA:156,3
DA:157,2
DA:158,1
DA:160,2
LF:76
LH:61
end_of_record
SF:lib\src\data\trouble_code_catalog.dart
DA:8,12
DA:11,2
DA:13,2
DA:14,2
DA:15,10
DA:16,10
DA:17,2
DA:19,4
DA:20,4
DA:22,2
DA:23,4
DA:24,2
DA:25,2
DA:26,4
DA:27,2
DA:28,6
DA:30,2
DA:31,2
DA:32,2
DA:33,16
DA:34,16
DA:40,6
DA:42,2
DA:46,4
DA:48,2
DA:52,2
DA:54,6
DA:59,2
DA:60,4
DA:61,2
DA:62,2
DA:66,4
LF:32
LH:32
end_of_record
